
Showing logs for build [32mcb-kubecd-environment-pr-179-33-xmlh6-1[0m stage [32mfrom-build-pack[0m and container [32mstep-credential-initializer-p65x9[0m
{"level":"warn","ts":1583953191.7007596,"logger":"fallback-logger","caller":"logging/config.go:69","msg":"Fetch GitHub commit ID from kodata failed: \"ref: refs/heads/0.8.0-**-support-backwards-incompats\" is not a valid GitHub commit ID"}
{"level":"info","ts":1583953191.701561,"logger":"fallback-logger","caller":"creds-init/main.go:40","msg":"Credentials initialized."}

Showing logs for build [32mcb-kubecd-environment-pr-179-33-xmlh6-1[0m stage [32mfrom-build-pack[0m and container [32mstep-working-dir-initializer-2rjvr[0m
{"level":"warn","ts":1583953192.6030397,"logger":"fallback-logger","caller":"logging/config.go:69","msg":"Fetch GitHub commit ID from kodata failed: open /var/run/ko/HEAD: no such file or directory"}
{"level":"info","ts":1583953192.6129487,"logger":"fallback-logger","caller":"bash/main.go:64","msg":"Successfully executed command \"sh -c mkdir -p /workspace/source\"; output "}

Showing logs for build [32mcb-kubecd-environment-pr-179-33-xmlh6-1[0m stage [32mfrom-build-pack[0m and container [32mstep-place-tools[0m

Showing logs for build [32mcb-kubecd-environment-pr-179-33-xmlh6-1[0m stage [32mfrom-build-pack[0m and container [32mstep-git-source-cb-kubecd-environment-pr-179-33-xmlh6-m4p4c[0m
{"level":"warn","ts":1583953196.753946,"logger":"fallback-logger","caller":"logging/config.go:69","msg":"Fetch GitHub commit ID from kodata failed: \"ref: refs/heads/0.8.0-**-support-backwards-incompats\" is not a valid GitHub commit ID"}
{"level":"info","ts":1583953197.8336384,"logger":"fallback-logger","caller":"git/git.go:103","msg":"Successfully cloned https://github.com/cb-kubecd/environment-pr-179-33-boot-gke-staging.git @ master in path /workspace/source"}

Showing logs for build [32mcb-kubecd-environment-pr-179-33-xmlh6-1[0m stage [32mfrom-build-pack[0m and container [32mstep-git-merge[0m
Using SHAs from PULL_REFS=master:effa31d801b82cbe4a0e855765534c8b74539032,3:a2c28b2054fc0126cb11b453644dbc128c0a6d2e
DEBUG: LC_ALL=C JX_LOG_LEVEL=error git fetch origin --unshallow a2c28b2054fc0126cb11b453644dbc128c0a6d2e: effa31d801b82cbe4a0e855765534c8b74539032:
DEBUG: ran git fetch --unshallow origin a2c28b2054fc0126cb11b453644dbc128c0a6d2e: effa31d801b82cbe4a0e855765534c8b74539032: in 
DEBUG: LC_ALL=C JX_LOG_LEVEL=error git branch
DEBUG: LC_ALL=C JX_LOG_LEVEL=error git checkout master
DEBUG: ran git checkout master in 
DEBUG: LC_ALL=C JX_LOG_LEVEL=error git reset --hard effa31d801b82cbe4a0e855765534c8b74539032
DEBUG: ran git reset --hard effa31d801b82cbe4a0e855765534c8b74539032 in 
DEBUG: LC_ALL=C JX_LOG_LEVEL=error git clean -fd .
DEBUG: ran clean --force -d . in 
DEBUG: LC_ALL=C JX_LOG_LEVEL=error git merge a2c28b2054fc0126cb11b453644dbc128c0a6d2e
DEBUG: ran git merge a2c28b2054fc0126cb11b453644dbc128c0a6d2e in 
DEBUG: LC_ALL=C JX_LOG_LEVEL=error git log --format=%H%x1f%an%x1f%ae%x1f%cn%x1f%ce%x1f%s%n%b%x1e effa31d801b82cbe4a0e855765534c8b74539032..HEAD
Merged SHA a2c28b2054fc0126cb11b453644dbc128c0a6d2e with commit message 'chore: Promote bdd-sbhg-1583952243 to version 0.0.1' into base branch master

Showing logs for build [32mcb-kubecd-environment-pr-179-33-xmlh6-1[0m stage [32mfrom-build-pack[0m and container [32mstep-build-helm-build[0m
WARNING: No $CHART_REPOSITORY defined so using the default value of: http://jenkins-x-chartmuseum:8080
Adding missing Helm repo: storage.googleapis.com https://storage.googleapis.com/chartmuseum.jenkins-x.io
WARNING: No secrets found on "helm/repos" due: reading the secret "helm/repos" from vault: no secret "helm/repos" not found in vault
Read credentials for https://storage.googleapis.com/chartmuseum.jenkins-x.io from vault helm/repos
Successfully added Helm repository storage.googleapis.com.
Adding missing Helm repo: jenkins-x-chartmuseum http://jenkins-x-chartmuseum:8080
WARNING: No secrets found on "helm/repos" due: reading the secret "helm/repos" from vault: no secret "helm/repos" not found in vault
Read credentials for http://jenkins-x-chartmuseum:8080 from vault helm/repos
Successfully added Helm repository jenkins-x-chartmuseum.
WARNING: No $CHART_REPOSITORY defined so using the default value of: http://jenkins-x-chartmuseum:8080
Adding missing Helm repo: chartmuseum.jenkins-x.io http://chartmuseum.jenkins-x.io
WARNING: No secrets found on "helm/repos" due: reading the secret "helm/repos" from vault: no secret "helm/repos" not found in vault
Read credentials for http://chartmuseum.jenkins-x.io from vault helm/repos
Successfully added Helm repository chartmuseum.jenkins-x.io.
