
Showing logs for build [32mcb-kubecd-environment-pr-179-33-q5gzb-1[0m stage [32mfrom-build-pack[0m and container [32mstep-credential-initializer-pwntz[0m
{"level":"warn","ts":1583956115.9960122,"logger":"fallback-logger","caller":"logging/config.go:69","msg":"Fetch GitHub commit ID from kodata failed: \"ref: refs/heads/0.8.0-**-support-backwards-incompats\" is not a valid GitHub commit ID"}
{"level":"info","ts":1583956115.9967294,"logger":"fallback-logger","caller":"creds-init/main.go:40","msg":"Credentials initialized."}

Showing logs for build [32mcb-kubecd-environment-pr-179-33-q5gzb-1[0m stage [32mfrom-build-pack[0m and container [32mstep-working-dir-initializer-6tc5t[0m
{"level":"warn","ts":1583956117.1588142,"logger":"fallback-logger","caller":"logging/config.go:69","msg":"Fetch GitHub commit ID from kodata failed: open /var/run/ko/HEAD: no such file or directory"}
{"level":"info","ts":1583956117.1619453,"logger":"fallback-logger","caller":"bash/main.go:64","msg":"Successfully executed command \"sh -c mkdir -p /workspace/source\"; output "}

Showing logs for build [32mcb-kubecd-environment-pr-179-33-q5gzb-1[0m stage [32mfrom-build-pack[0m and container [32mstep-place-tools[0m

Showing logs for build [32mcb-kubecd-environment-pr-179-33-q5gzb-1[0m stage [32mfrom-build-pack[0m and container [32mstep-git-source-cb-kubecd-environment-pr-179-33-q5gzb-pzqbw[0m
{"level":"warn","ts":1583956123.2337098,"logger":"fallback-logger","caller":"logging/config.go:69","msg":"Fetch GitHub commit ID from kodata failed: \"ref: refs/heads/0.8.0-**-support-backwards-incompats\" is not a valid GitHub commit ID"}
{"level":"info","ts":1583956124.3016667,"logger":"fallback-logger","caller":"git/git.go:103","msg":"Successfully cloned https://github.com/cb-kubecd/environment-pr-179-33-boot-gke-staging.git @ master in path /workspace/source"}

Showing logs for build [32mcb-kubecd-environment-pr-179-33-q5gzb-1[0m stage [32mfrom-build-pack[0m and container [32mstep-git-merge[0m
Using SHAs from PULL_REFS=master:5975619e859139ad3e0e30dfe49660df8ed43d4f,8:db5f7cac87a4362f11d19d69a8c15f79e1e39e88
DEBUG: JX_LOG_LEVEL=error LC_ALL=C git fetch origin --unshallow db5f7cac87a4362f11d19d69a8c15f79e1e39e88: 5975619e859139ad3e0e30dfe49660df8ed43d4f:
DEBUG: ran git fetch --unshallow origin db5f7cac87a4362f11d19d69a8c15f79e1e39e88: 5975619e859139ad3e0e30dfe49660df8ed43d4f: in 
DEBUG: LC_ALL=C JX_LOG_LEVEL=error git branch
DEBUG: LC_ALL=C JX_LOG_LEVEL=error git checkout master
DEBUG: ran git checkout master in 
DEBUG: LC_ALL=C JX_LOG_LEVEL=error git reset --hard 5975619e859139ad3e0e30dfe49660df8ed43d4f
DEBUG: ran git reset --hard 5975619e859139ad3e0e30dfe49660df8ed43d4f in 
DEBUG: LC_ALL=C JX_LOG_LEVEL=error git clean -fd .
DEBUG: ran clean --force -d . in 
DEBUG: JX_LOG_LEVEL=error LC_ALL=C git merge db5f7cac87a4362f11d19d69a8c15f79e1e39e88
DEBUG: ran git merge db5f7cac87a4362f11d19d69a8c15f79e1e39e88 in 
DEBUG: LC_ALL=C JX_LOG_LEVEL=error git log --format=%H%x1f%an%x1f%ae%x1f%cn%x1f%ce%x1f%s%n%b%x1e 5975619e859139ad3e0e30dfe49660df8ed43d4f..HEAD
Merged SHA db5f7cac87a4362f11d19d69a8c15f79e1e39e88 with commit message 'chore: Promote bdd-sbhg-import-1583954354 to version 0.0.1' into base branch master

Showing logs for build [32mcb-kubecd-environment-pr-179-33-q5gzb-1[0m stage [32mfrom-build-pack[0m and container [32mstep-build-helm-build[0m
WARNING: No $CHART_REPOSITORY defined so using the default value of: http://jenkins-x-chartmuseum:8080
Adding missing Helm repo: storage.googleapis.com https://storage.googleapis.com/chartmuseum.jenkins-x.io
WARNING: No secrets found on "helm/repos" due: reading the secret "helm/repos" from vault: no secret "helm/repos" not found in vault
Read credentials for https://storage.googleapis.com/chartmuseum.jenkins-x.io from vault helm/repos
Successfully added Helm repository storage.googleapis.com.
Adding missing Helm repo: jenkins-x-chartmuseum http://jenkins-x-chartmuseum:8080
WARNING: No secrets found on "helm/repos" due: reading the secret "helm/repos" from vault: no secret "helm/repos" not found in vault
Read credentials for http://jenkins-x-chartmuseum:8080 from vault helm/repos
Successfully added Helm repository jenkins-x-chartmuseum.
WARNING: No $CHART_REPOSITORY defined so using the default value of: http://jenkins-x-chartmuseum:8080
Adding missing Helm repo: chartmuseum.jenkins-x.io http://chartmuseum.jenkins-x.io
WARNING: No secrets found on "helm/repos" due: reading the secret "helm/repos" from vault: no secret "helm/repos" not found in vault
Read credentials for http://chartmuseum.jenkins-x.io from vault helm/repos
Successfully added Helm repository chartmuseum.jenkins-x.io.
