
Showing logs for build [32mcb-kubecd-environment-pr-179-33-7r88x-1[0m stage [32mfrom-build-pack[0m and container [32mstep-credential-initializer-hdswz[0m
{"level":"warn","ts":1583954483.069632,"logger":"fallback-logger","caller":"logging/config.go:69","msg":"Fetch GitHub commit ID from kodata failed: \"ref: refs/heads/0.8.0-**-support-backwards-incompats\" is not a valid GitHub commit ID"}
{"level":"info","ts":1583954483.0703382,"logger":"fallback-logger","caller":"creds-init/main.go:40","msg":"Credentials initialized."}

Showing logs for build [32mcb-kubecd-environment-pr-179-33-7r88x-1[0m stage [32mfrom-build-pack[0m and container [32mstep-working-dir-initializer-srv6n[0m
{"level":"warn","ts":1583954484.4402354,"logger":"fallback-logger","caller":"logging/config.go:69","msg":"Fetch GitHub commit ID from kodata failed: open /var/run/ko/HEAD: no such file or directory"}
{"level":"info","ts":1583954484.4418626,"logger":"fallback-logger","caller":"bash/main.go:64","msg":"Successfully executed command \"sh -c mkdir -p /workspace/source\"; output "}

Showing logs for build [32mcb-kubecd-environment-pr-179-33-7r88x-1[0m stage [32mfrom-build-pack[0m and container [32mstep-place-tools[0m

Showing logs for build [32mcb-kubecd-environment-pr-179-33-7r88x-1[0m stage [32mfrom-build-pack[0m and container [32mstep-git-source-cb-kubecd-environment-pr-179-33-7r88x-ckj2t[0m
{"level":"warn","ts":1583954489.573327,"logger":"fallback-logger","caller":"logging/config.go:69","msg":"Fetch GitHub commit ID from kodata failed: \"ref: refs/heads/0.8.0-**-support-backwards-incompats\" is not a valid GitHub commit ID"}
{"level":"info","ts":1583954490.6684036,"logger":"fallback-logger","caller":"git/git.go:103","msg":"Successfully cloned https://github.com/cb-kubecd/environment-pr-179-33-boot-gke-staging.git @ master in path /workspace/source"}

Showing logs for build [32mcb-kubecd-environment-pr-179-33-7r88x-1[0m stage [32mfrom-build-pack[0m and container [32mstep-git-merge[0m
Using SHAs from PULL_REFS=master:d8fba3a6c0290569d5e1aa8a9393871eb9ccb458,5:ace2f43736532a0762d59da8947f49ed54715cb1
DEBUG: LC_ALL=C JX_LOG_LEVEL=error git fetch origin --unshallow ace2f43736532a0762d59da8947f49ed54715cb1: d8fba3a6c0290569d5e1aa8a9393871eb9ccb458:
DEBUG: ran git fetch --unshallow origin ace2f43736532a0762d59da8947f49ed54715cb1: d8fba3a6c0290569d5e1aa8a9393871eb9ccb458: in 
DEBUG: LC_ALL=C JX_LOG_LEVEL=error git branch
DEBUG: JX_LOG_LEVEL=error LC_ALL=C git checkout master
DEBUG: ran git checkout master in 
DEBUG: LC_ALL=C JX_LOG_LEVEL=error git reset --hard d8fba3a6c0290569d5e1aa8a9393871eb9ccb458
DEBUG: ran git reset --hard d8fba3a6c0290569d5e1aa8a9393871eb9ccb458 in 
DEBUG: LC_ALL=C JX_LOG_LEVEL=error git clean -fd .
DEBUG: ran clean --force -d . in 
DEBUG: JX_LOG_LEVEL=error LC_ALL=C git merge ace2f43736532a0762d59da8947f49ed54715cb1
DEBUG: ran git merge ace2f43736532a0762d59da8947f49ed54715cb1 in 
DEBUG: LC_ALL=C JX_LOG_LEVEL=error git log --format=%H%x1f%an%x1f%ae%x1f%cn%x1f%ce%x1f%s%n%b%x1e d8fba3a6c0290569d5e1aa8a9393871eb9ccb458..HEAD
Merged SHA ace2f43736532a0762d59da8947f49ed54715cb1 with commit message 'chore: Promote bdd-nh-import-1583954354 to version 0.0.1' into base branch master

Showing logs for build [32mcb-kubecd-environment-pr-179-33-7r88x-1[0m stage [32mfrom-build-pack[0m and container [32mstep-build-helm-build[0m
WARNING: No $CHART_REPOSITORY defined so using the default value of: http://jenkins-x-chartmuseum:8080
Adding missing Helm repo: storage.googleapis.com https://storage.googleapis.com/chartmuseum.jenkins-x.io
WARNING: No secrets found on "helm/repos" due: reading the secret "helm/repos" from vault: no secret "helm/repos" not found in vault
Read credentials for https://storage.googleapis.com/chartmuseum.jenkins-x.io from vault helm/repos
Successfully added Helm repository storage.googleapis.com.
Adding missing Helm repo: jenkins-x-chartmuseum http://jenkins-x-chartmuseum:8080
WARNING: No secrets found on "helm/repos" due: reading the secret "helm/repos" from vault: no secret "helm/repos" not found in vault
Read credentials for http://jenkins-x-chartmuseum:8080 from vault helm/repos
Successfully added Helm repository jenkins-x-chartmuseum.
WARNING: No $CHART_REPOSITORY defined so using the default value of: http://jenkins-x-chartmuseum:8080
Adding missing Helm repo: chartmuseum.jenkins-x.io http://chartmuseum.jenkins-x.io
WARNING: No secrets found on "helm/repos" due: reading the secret "helm/repos" from vault: no secret "helm/repos" not found in vault
Read credentials for http://chartmuseum.jenkins-x.io from vault helm/repos
Successfully added Helm repository chartmuseum.jenkins-x.io.
